#Fmt:2
Date:Friday, June 15, 2007
Name:Bruce Platti
Comp:The CAD Store
Adr1:
Adr2:
City:
State:
Zip:
Ctry:
EMail:mriddle@fastcad.com
Phone:
Fax:
Ord:
Bkup:
CCTyp:
CCNr:
CCExp: 
CCAmt:
CCAuth:
Prod:EasyCAD7
Qty:1
SN:00-0005-3891-5065
AK:JEU3H-MRE2E-KEMJY-HESQB-BBUEB
UsrNotes:
~
OurNotes:
~
#Fmt:2
Date:Wednesday, June 20, 2007
Name:Evan Yares
Comp:PureCor
Adr1:
Adr2:
City:
State:
Zip:
Ctry:
EMail:evan@yares.com
Phone:
Fax:
Ord:
Bkup:
CCTyp:
CCNr:
CCExp: 
CCAmt:
CCAuth:
Prod:FastCAD7
Qty:1
SN:00-0001-8273-1190
AK:G8MXI-2RE25-ZTBSC-HKGHB-BBUYB
UsrNotes:
~
OurNotes:
~
#Fmt:2
Date:Saturday, June 30, 2007
Name:Richard Harvey
Comp:personal use
Adr1:
Adr2:
City:
State:
Zip:
Ctry:Australia
EMail:artechservices@bigpond.com
Phone:
Fax:
Ord:
Bkup:
CCTyp:
CCNr:
CCExp: 
CCAmt:
CCAuth:
Prod:FastCAD7
Qty:1
SN:00-0001-8273-1200
AK:BIMXI-2RE27-DTBCS-HG8QB-BBR5B
UsrNotes:
~
OurNotes:
~
#Fmt:2
Date:Saturday, June 30, 2007
Name:Richard Harvey
Comp:personal use
Adr1:
Adr2:
City:
State:
Zip:
Ctry:Australia
EMail:artechservices@bigpond.com
Phone:
Fax:
Ord:
Bkup:
CCTyp:
CCNr:
CCExp: 
CCAmt:
CCAuth:
Prod:FastCAD6
Qty:1
SN:00-0003-6172-2402
AK:QK93P-6RE27-D2BCS-HG8QB-BBUPB
UsrNotes:
~
OurNotes:
~
#Fmt:2
Date:Sunday, July 15, 2007
Name:Michael Riddle
Comp:Evolution Computing
Adr1:4228 E Andrea Drive
Adr2:2nd adrs line data
City:Cave Creek
State:AZ
Zip:85331
Ctry:US
EMail:mriddle@fastcad.com
Phone:480-219-7510
Fax:480-219-7512
Ord:FAstCAD/7 update from any EasyCAD [$295]
Bkup:International Mail shipping [$10 for CD, $30 shipping]
CCTyp:VISA
CCNr:1234-1234-1234-1234
CCExp:05 09
CCAmt:$335.00
CCAuth:
Prod:FastCAD7
Qty:1
SN:00-0001-8273-1216
AK:MIMXI-2RE27-PTMEU-HQZTB-BBU8B
UsrNotes:
~
OurNotes:
~
#Fmt:2
Date:Wednesday, August 01, 2007
Name:Rick Axtell
Comp:Personal
Adr1:
Adr2:
City:
State:
Zip:
Ctry:
EMail:rsaxtell@cox.net
Phone:602-331-8578
Fax:
Ord:
Bkup:
CCTyp:
CCNr:
CCExp: 
CCAmt:
CCAuth:
Prod:FastCAD7
Qty:1
SN:00-0001-8273-1233
AK:H5MXI-2RE2E-NTM8H-HVGHB-BBD6B
UsrNotes:
~
OurNotes:
~
#Fmt:2
Date:Thursday, October 25, 2007
Name:Tom Best
Comp:personal use
Adr1:4709 Avenshire Circle
Adr2:
City:Raleigh
State:NC
Zip:27606
Ctry:
EMail:tom.best@gmail.com
Phone:(919) 852-4436
Fax:
Ord:
Bkup:
CCTyp:
CCNr:
CCExp: 
CCAmt:
CCAuth:
Prod:FastCAD7
Qty:1
SN:00-0003-6172-7278
AK:IVH7P-6RE25-ZRMEA-BG8QB-BBM6B
UsrNotes:
~
OurNotes:
~
#Fmt:2
Date:Saturday, December 01, 2007
Name:John Stevenson
Comp:personal use
Adr1:
Adr2:
City:Nottingham
State:
Zip:
Ctry:England
EMail:john@stevenson-engineers.co.uk
Phone:
Fax:
Ord:
Bkup:
CCTyp:
CCNr:
CCExp: 
CCAmt:
CCAuth:
Prod:FastCAD7
Qty:1
SN:00-0001-8275-8938
AK:4MYVI-2RE25-YQBY8-HG8QB-BBXRB
UsrNotes:
~
OurNotes:
~
